<?xml version="1.0" encoding="UTF-8"?>
<!-- Generated by org.testng.reporters.JUnitReportReporter -->
<testsuite hostname="DESKTOP-J57AUS0" failures="0" tests="4" name="testng.parellalexecution.ParallelExecutionExample" time="54.333" errors="0" timestamp="2025-05-14T20:03:08 PDT" skipped="0">
  <testcase classname="testng.parellalexecution.ParallelExecutionExample" name="openTcs" time="9.030"/>
  <testcase classname="testng.parellalexecution.ParallelExecutionExample" name="openInfo" time="10.981"/>
  <testcase classname="testng.parellalexecution.ParallelExecutionExample" name="openEdso" time="23.452"/>
  <testcase classname="testng.parellalexecution.ParallelExecutionExample" name="openWipro" time="10.870"/>
</testsuite> <!-- testng.parellalexecution.ParallelExecutionExample -->
